# JRE version: OpenJDK Runtime Environment Temurin-17.0.18+8 (17.0.18+8) (build 17.0.18+8)
# Java VM: OpenJDK 64-Bit Server VM Temurin-17.0.18+8 (17.0.18+8, mixed mode, sharing, tiered, compressed oops, compressed class ptrs, g1 gc, windows-amd64)
GC Precious Log:
 CPUs: 8 total, 8 available
 Memory: 7991M
 Large Page Support: Disabled
 NUMA Support: Disabled
 Compressed Oops: Enabled (32-bit)
 Heap Region Size: 1M
 Heap Min Capacity: 8M
 Heap Initial Capacity: 126M
 Heap Max Capacity: 1998M
 Pre-touch: Disabled
 Parallel Workers: 8
 Concurrent Workers: 2
 Concurrent Refinement Workers: 8
 Periodic GC: Disabled
Heap:
 garbage-first heap   total 152576K, used 101970K [0x0000000083200000, 0x0000000100000000)
  region size 1024K, 44 young (45056K), 1 survivors (1024K)
 Metaspace       used 29240K, committed 29504K, reserved 1114112K
  class space    used 3289K, committed 3392K, reserved 1048576K
GC Heap History (20 events):
Event: 10.369 GC heap before
{Heap before GC invocations=5 (full 0):
 garbage-first heap   total 48128K, used 35040K [0x0000000083200000, 0x0000000100000000)
  region size 1024K, 30 young (30720K), 8 survivors (8192K)
 Metaspace       used 24743K, committed 25088K, reserved 1114112K
  class space    used 2889K, committed 3072K, reserved 1048576K
}
Event: 10.405 GC heap after
{Heap after GC invocations=6 (full 0):
 garbage-first heap   total 53248K, used 20630K [0x0000000083200000, 0x0000000100000000)
  region size 1024K, 10 young (10240K), 10 survivors (10240K)
 Metaspace       used 24743K, committed 25088K, reserved 1114112K
  class space    used 2889K, committed 3072K, reserved 1048576K
}
Event: 10.765 GC heap before
{Heap before GC invocations=6 (full 0):
 garbage-first heap   total 53248K, used 34966K [0x0000000083200000, 0x0000000100000000)
  region size 1024K, 25 young (25600K), 10 survivors (10240K)
 Metaspace       used 24800K, committed 25088K, reserved 1114112K
  class space    used 2893K, committed 3072K, reserved 1048576K
}
Event: 10.799 GC heap after
{Heap after GC invocations=7 (full 0):
 garbage-first heap   total 53248K, used 24836K [0x0000000083200000, 0x0000000100000000)
  region size 1024K, 4 young (4096K), 4 survivors (4096K)
 Metaspace       used 24800K, committed 25088K, reserved 1114112K
  class space    used 2893K, committed 3072K, reserved 1048576K
}
Event: 11.332 GC heap before
{Heap before GC invocations=7 (full 0):
 garbage-first heap   total 53248K, used 39172K [0x0000000083200000, 0x0000000100000000)
  region size 1024K, 18 young (18432K), 4 survivors (4096K)
 Metaspace       used 25449K, committed 25664K, reserved 1114112K
  class space    used 2964K, committed 3072K, reserved 1048576K
}
Event: 11.364 GC heap after
{Heap after GC invocations=8 (full 0):
 garbage-first heap   total 73728K, used 28560K [0x0000000083200000, 0x0000000100000000)
  region size 1024K, 3 young (3072K), 3 survivors (3072K)
 Metaspace       used 25449K, committed 25664K, reserved 1114112K
  class space    used 2964K, committed 3072K, reserved 1048576K
}
Event: 11.954 GC heap before
{Heap before GC invocations=8 (full 0):
 garbage-first heap   total 73728K, used 52112K [0x0000000083200000, 0x0000000100000000)
  region size 1024K, 25 young (25600K), 3 survivors (3072K)
 Metaspace       used 25516K, committed 25792K, reserved 1114112K
  class space    used 2965K, committed 3072K, reserved 1048576K
}
Event: 11.972 GC heap after
{Heap after GC invocations=9 (full 0):
 garbage-first heap   total 73728K, used 36752K [0x0000000083200000, 0x0000000100000000)
  region size 1024K, 4 young (4096K), 4 survivors (4096K)
 Metaspace       used 25516K, committed 25792K, reserved 1114112K
  class space    used 2965K, committed 3072K, reserved 1048576K
}
Event: 12.244 GC heap before
{Heap before GC invocations=9 (full 0):
 garbage-first heap   total 73728K, used 52112K [0x0000000083200000, 0x0000000100000000)
  region size 1024K, 20 young (20480K), 4 survivors (4096K)
 Metaspace       used 25873K, committed 26176K, reserved 1114112K
  class space    used 3006K, committed 3136K, reserved 1048576K
}
Event: 12.269 GC heap after
{Heap after GC invocations=10 (full 0):
 garbage-first heap   total 73728K, used 40336K [0x0000000083200000, 0x0000000100000000)
  region size 1024K, 3 young (3072K), 3 survivors (3072K)
 Metaspace       used 25873K, committed 26176K, reserved 1114112K
  class space    used 3006K, committed 3136K, reserved 1048576K
}
Event: 12.499 GC heap before
{Heap before GC invocations=10 (full 0):
 garbage-first heap   total 73728K, used 54672K [0x0000000083200000, 0x0000000100000000)
  region size 1024K, 17 young (17408K), 3 survivors (3072K)
 Metaspace       used 26072K, committed 26304K, reserved 1114112K
  class space    used 3018K, committed 3136K, reserved 1048576K
}
Event: 12.518 GC heap after
{Heap after GC invocations=11 (full 0):
 garbage-first heap   total 73728K, used 43439K [0x0000000083200000, 0x0000000100000000)
  region size 1024K, 3 young (3072K), 3 survivors (3072K)
 Metaspace       used 26072K, committed 26304K, reserved 1114112K
  class space    used 3018K, committed 3136K, reserved 1048576K
}
Event: 12.763 GC heap before
{Heap before GC invocations=12 (full 0):
 garbage-first heap   total 81920K, used 55727K [0x0000000083200000, 0x0000000100000000)
  region size 1024K, 15 young (15360K), 3 survivors (3072K)
 Metaspace       used 26281K, committed 26560K, reserved 1114112K
  class space    used 3025K, committed 3136K, reserved 1048576K
}
Event: 12.784 GC heap after
{Heap after GC invocations=13 (full 0):
 garbage-first heap   total 81920K, used 46274K [0x0000000083200000, 0x0000000100000000)
  region size 1024K, 2 young (2048K), 2 survivors (2048K)
 Metaspace       used 26281K, committed 26560K, reserved 1114112K
  class space    used 3025K, committed 3136K, reserved 1048576K
}
Event: 13.127 GC heap before
{Heap before GC invocations=13 (full 0):
 garbage-first heap   total 81920K, used 62658K [0x0000000083200000, 0x0000000100000000)
  region size 1024K, 18 young (18432K), 2 survivors (2048K)
 Metaspace       used 26409K, committed 26624K, reserved 1114112K
  class space    used 3033K, committed 3136K, reserved 1048576K
}
Event: 13.163 GC heap after
{Heap after GC invocations=14 (full 0):
 garbage-first heap   total 152576K, used 49693K [0x0000000083200000, 0x0000000100000000)
  region size 1024K, 3 young (3072K), 3 survivors (3072K)
 Metaspace       used 26409K, committed 26624K, reserved 1114112K
  class space    used 3033K, committed 3136K, reserved 1048576K
}
Event: 14.461 GC heap before
{Heap before GC invocations=15 (full 0):
 garbage-first heap   total 152576K, used 100893K [0x0000000083200000, 0x0000000100000000)
  region size 1024K, 53 young (54272K), 3 survivors (3072K)
 Metaspace       used 27691K, committed 27968K, reserved 1114112K
  class space    used 3189K, committed 3328K, reserved 1048576K
}
Event: 14.497 GC heap after
{Heap after GC invocations=16 (full 0):
 garbage-first heap   total 152576K, used 58169K [0x0000000083200000, 0x0000000100000000)
  region size 1024K, 7 young (7168K), 7 survivors (7168K)
 Metaspace       used 27691K, committed 27968K, reserved 1114112K
  class space    used 3189K, committed 3328K, reserved 1048576K
}
Event: 14.535 GC heap before
{Heap before GC invocations=16 (full 0):
 garbage-first heap   total 152576K, used 59193K [0x0000000083200000, 0x0000000100000000)
  region size 1024K, 8 young (8192K), 7 survivors (7168K)
 Metaspace       used 27705K, committed 27968K, reserved 1114112K
  class space    used 3189K, committed 3328K, reserved 1048576K
}
Event: 14.558 GC heap after
{Heap after GC invocations=17 (full 0):
 garbage-first heap   total 152576K, used 58962K [0x0000000083200000, 0x0000000100000000)
  region size 1024K, 1 young (1024K), 1 survivors (1024K)
 Metaspace       used 27705K, committed 27968K, reserved 1114112K
  class space    used 3189K, committed 3328K, reserved 1048576K
}

