# JRE version: OpenJDK Runtime Environment Temurin-17.0.18+8 (17.0.18+8) (build 17.0.18+8)
# Java VM: OpenJDK 64-Bit Server VM Temurin-17.0.18+8 (17.0.18+8, mixed mode, sharing, tiered, compressed oops, compressed class ptrs, g1 gc, windows-amd64)
GC Precious Log:
 CPUs: 8 total, 8 available
 Memory: 7991M
 Large Page Support: Disabled
 NUMA Support: Disabled
 Compressed Oops: Enabled (32-bit)
 Heap Region Size: 1M
 Heap Min Capacity: 8M
 Heap Initial Capacity: 126M
 Heap Max Capacity: 1998M
 Pre-touch: Disabled
 Parallel Workers: 8
 Concurrent Workers: 2
 Concurrent Refinement Workers: 8
 Periodic GC: Disabled
Heap:
 garbage-first heap   total 315392K, used 169923K [0x0000000083200000, 0x0000000100000000)
  region size 1024K, 15 young (15360K), 4 survivors (4096K)
 Metaspace       used 30023K, committed 30336K, reserved 1114112K
  class space    used 3915K, committed 4032K, reserved 1048576K
GC Heap History (20 events):
Event: 25.412 GC heap before
{Heap before GC invocations=9 (full 0):
 garbage-first heap   total 235520K, used 150467K [0x0000000083200000, 0x0000000100000000)
  region size 1024K, 11 young (11264K), 0 survivors (0K)
 Metaspace       used 29178K, committed 29440K, reserved 1114112K
  class space    used 3853K, committed 3968K, reserved 1048576K
}
Event: 25.417 GC heap after
{Heap after GC invocations=10 (full 0):
 garbage-first heap   total 235520K, used 142548K [0x0000000083200000, 0x0000000100000000)
  region size 1024K, 3 young (3072K), 3 survivors (3072K)
 Metaspace       used 29178K, committed 29440K, reserved 1114112K
  class space    used 3853K, committed 3968K, reserved 1048576K
}
Event: 27.786 GC heap before
{Heap before GC invocations=11 (full 0):
 garbage-first heap   total 240640K, used 149716K [0x0000000083200000, 0x0000000100000000)
  region size 1024K, 11 young (11264K), 3 survivors (3072K)
 Metaspace       used 29555K, committed 29888K, reserved 1114112K
  class space    used 3878K, committed 4032K, reserved 1048576K
}
Event: 27.789 GC heap after
{Heap after GC invocations=12 (full 0):
 garbage-first heap   total 240640K, used 143576K [0x0000000083200000, 0x0000000100000000)
  region size 1024K, 4 young (4096K), 4 survivors (4096K)
 Metaspace       used 29555K, committed 29888K, reserved 1114112K
  class space    used 3878K, committed 4032K, reserved 1048576K
}
Event: 27.935 GC heap before
{Heap before GC invocations=13 (full 0):
 garbage-first heap   total 240640K, used 110808K [0x0000000083200000, 0x0000000100000000)
  region size 1024K, 5 young (5120K), 4 survivors (4096K)
 Metaspace       used 29609K, committed 29888K, reserved 1114112K
  class space    used 3883K, committed 4032K, reserved 1048576K
}
Event: 27.943 GC heap after
{Heap after GC invocations=14 (full 0):
 garbage-first heap   total 240640K, used 111038K [0x0000000083200000, 0x0000000100000000)
  region size 1024K, 4 young (4096K), 4 survivors (4096K)
 Metaspace       used 29609K, committed 29888K, reserved 1114112K
  class space    used 3883K, committed 4032K, reserved 1048576K
}
Event: 27.987 GC heap before
{Heap before GC invocations=14 (full 0):
 garbage-first heap   total 240640K, used 114110K [0x0000000083200000, 0x0000000100000000)
  region size 1024K, 5 young (5120K), 4 survivors (4096K)
 Metaspace       used 29613K, committed 29888K, reserved 1114112K
  class space    used 3883K, committed 4032K, reserved 1048576K
}
Event: 27.999 GC heap after
{Heap after GC invocations=15 (full 0):
 garbage-first heap   total 240640K, used 114093K [0x0000000083200000, 0x0000000100000000)
  region size 1024K, 4 young (4096K), 4 survivors (4096K)
 Metaspace       used 29613K, committed 29888K, reserved 1114112K
  class space    used 3883K, committed 4032K, reserved 1048576K
}
Event: 28.060 GC heap before
{Heap before GC invocations=16 (full 0):
 garbage-first heap   total 240640K, used 117165K [0x0000000083200000, 0x0000000100000000)
  region size 1024K, 5 young (5120K), 4 survivors (4096K)
 Metaspace       used 29615K, committed 29888K, reserved 1114112K
  class space    used 3883K, committed 4032K, reserved 1048576K
}
Event: 28.072 GC heap after
{Heap after GC invocations=17 (full 0):
 garbage-first heap   total 240640K, used 117472K [0x0000000083200000, 0x0000000100000000)
  region size 1024K, 4 young (4096K), 4 survivors (4096K)
 Metaspace       used 29615K, committed 29888K, reserved 1114112K
  class space    used 3883K, committed 4032K, reserved 1048576K
}
Event: 28.118 GC heap before
{Heap before GC invocations=18 (full 0):
 garbage-first heap   total 240640K, used 119520K [0x0000000083200000, 0x0000000100000000)
  region size 1024K, 5 young (5120K), 4 survivors (4096K)
 Metaspace       used 29616K, committed 29888K, reserved 1114112K
  class space    used 3883K, committed 4032K, reserved 1048576K
}
Event: 28.124 GC heap after
{Heap after GC invocations=19 (full 0):
 garbage-first heap   total 315392K, used 119555K [0x0000000083200000, 0x0000000100000000)
  region size 1024K, 4 young (4096K), 4 survivors (4096K)
 Metaspace       used 29616K, committed 29888K, reserved 1114112K
  class space    used 3883K, committed 4032K, reserved 1048576K
}
Event: 28.497 GC heap before
{Heap before GC invocations=19 (full 0):
 garbage-first heap   total 315392K, used 145155K [0x0000000083200000, 0x0000000100000000)
  region size 1024K, 5 young (5120K), 4 survivors (4096K)
 Metaspace       used 29675K, committed 29952K, reserved 1114112K
  class space    used 3883K, committed 4032K, reserved 1048576K
}
Event: 28.505 GC heap after
{Heap after GC invocations=20 (full 0):
 garbage-first heap   total 315392K, used 145202K [0x0000000083200000, 0x0000000100000000)
  region size 1024K, 4 young (4096K), 4 survivors (4096K)
 Metaspace       used 29675K, committed 29952K, reserved 1114112K
  class space    used 3883K, committed 4032K, reserved 1048576K
}
Event: 28.525 GC heap before
{Heap before GC invocations=20 (full 0):
 garbage-first heap   total 315392K, used 148274K [0x0000000083200000, 0x0000000100000000)
  region size 1024K, 5 young (5120K), 4 survivors (4096K)
 Metaspace       used 29678K, committed 29952K, reserved 1114112K
  class space    used 3883K, committed 4032K, reserved 1048576K
}
Event: 28.530 GC heap after
{Heap after GC invocations=21 (full 0):
 garbage-first heap   total 315392K, used 148246K [0x0000000083200000, 0x0000000100000000)
  region size 1024K, 4 young (4096K), 4 survivors (4096K)
 Metaspace       used 29678K, committed 29952K, reserved 1114112K
  class space    used 3883K, committed 4032K, reserved 1048576K
}
Event: 28.601 GC heap before
{Heap before GC invocations=22 (full 0):
 garbage-first heap   total 315392K, used 153366K [0x0000000083200000, 0x0000000100000000)
  region size 1024K, 5 young (5120K), 4 survivors (4096K)
 Metaspace       used 29679K, committed 29952K, reserved 1114112K
  class space    used 3883K, committed 4032K, reserved 1048576K
}
Event: 28.606 GC heap after
{Heap after GC invocations=23 (full 0):
 garbage-first heap   total 315392K, used 153486K [0x0000000083200000, 0x0000000100000000)
  region size 1024K, 4 young (4096K), 4 survivors (4096K)
 Metaspace       used 29679K, committed 29952K, reserved 1114112K
  class space    used 3883K, committed 4032K, reserved 1048576K
}
Event: 28.647 GC heap before
{Heap before GC invocations=24 (full 0):
 garbage-first heap   total 315392K, used 155534K [0x0000000083200000, 0x0000000100000000)
  region size 1024K, 5 young (5120K), 4 survivors (4096K)
 Metaspace       used 29686K, committed 29952K, reserved 1114112K
  class space    used 3883K, committed 4032K, reserved 1048576K
}
Event: 28.651 GC heap after
{Heap after GC invocations=25 (full 0):
 garbage-first heap   total 315392K, used 155587K [0x0000000083200000, 0x0000000100000000)
  region size 1024K, 4 young (4096K), 4 survivors (4096K)
 Metaspace       used 29686K, committed 29952K, reserved 1114112K
  class space    used 3883K, committed 4032K, reserved 1048576K
}

