# JRE version: OpenJDK Runtime Environment Temurin-17.0.18+8 (17.0.18+8) (build 17.0.18+8)
# Java VM: OpenJDK 64-Bit Server VM Temurin-17.0.18+8 (17.0.18+8, mixed mode, sharing, tiered, compressed oops, compressed class ptrs, g1 gc, windows-amd64)
GC Precious Log:
 CPUs: 8 total, 8 available
 Memory: 7991M
 Large Page Support: Disabled
 NUMA Support: Disabled
 Compressed Oops: Enabled (32-bit)
 Heap Region Size: 1M
 Heap Min Capacity: 8M
 Heap Initial Capacity: 126M
 Heap Max Capacity: 1998M
 Pre-touch: Disabled
 Parallel Workers: 8
 Concurrent Workers: 2
 Concurrent Refinement Workers: 8
 Periodic GC: Disabled
Heap:
 garbage-first heap   total 132096K, used 58828K [0x0000000083200000, 0x0000000100000000)
  region size 1024K, 3 young (3072K), 3 survivors (3072K)
 Metaspace       used 28783K, committed 29056K, reserved 1114112K
  class space    used 3281K, committed 3392K, reserved 1048576K
GC Heap History (20 events):
Event: 5.321 GC heap after
{Heap after GC invocations=7 (full 0):
 garbage-first heap   total 48128K, used 20857K [0x0000000083200000, 0x0000000100000000)
  region size 1024K, 1 young (1024K), 1 survivors (1024K)
 Metaspace       used 24767K, committed 25088K, reserved 1114112K
  class space    used 2892K, committed 3072K, reserved 1048576K
}
Event: 5.552 GC heap before
{Heap before GC invocations=7 (full 0):
 garbage-first heap   total 48128K, used 34169K [0x0000000083200000, 0x0000000100000000)
  region size 1024K, 15 young (15360K), 1 survivors (1024K)
 Metaspace       used 24793K, committed 25088K, reserved 1114112K
  class space    used 2894K, committed 3072K, reserved 1048576K
}
Event: 5.559 GC heap after
{Heap after GC invocations=8 (full 0):
 garbage-first heap   total 48128K, used 23943K [0x0000000083200000, 0x0000000100000000)
  region size 1024K, 2 young (2048K), 2 survivors (2048K)
 Metaspace       used 24793K, committed 25088K, reserved 1114112K
  class space    used 2894K, committed 3072K, reserved 1048576K
}
Event: 5.725 GC heap before
{Heap before GC invocations=8 (full 0):
 garbage-first heap   total 48128K, used 35207K [0x0000000083200000, 0x0000000100000000)
  region size 1024K, 14 young (14336K), 2 survivors (2048K)
 Metaspace       used 24871K, committed 25216K, reserved 1114112K
  class space    used 2900K, committed 3072K, reserved 1048576K
}
Event: 5.738 GC heap after
{Heap after GC invocations=9 (full 0):
 garbage-first heap   total 48128K, used 26979K [0x0000000083200000, 0x0000000100000000)
  region size 1024K, 2 young (2048K), 2 survivors (2048K)
 Metaspace       used 24871K, committed 25216K, reserved 1114112K
  class space    used 2900K, committed 3072K, reserved 1048576K
}
Event: 5.964 GC heap before
{Heap before GC invocations=10 (full 0):
 garbage-first heap   total 48128K, used 36195K [0x0000000083200000, 0x0000000100000000)
  region size 1024K, 11 young (11264K), 2 survivors (2048K)
 Metaspace       used 25493K, committed 25792K, reserved 1114112K
  class space    used 2967K, committed 3072K, reserved 1048576K
}
Event: 5.970 GC heap after
{Heap after GC invocations=11 (full 0):
 garbage-first heap   total 48128K, used 30252K [0x0000000083200000, 0x0000000100000000)
  region size 1024K, 2 young (2048K), 2 survivors (2048K)
 Metaspace       used 25493K, committed 25792K, reserved 1114112K
  class space    used 2967K, committed 3072K, reserved 1048576K
}
Event: 6.093 GC heap before
{Heap before GC invocations=11 (full 0):
 garbage-first heap   total 48128K, used 36396K [0x0000000083200000, 0x0000000100000000)
  region size 1024K, 8 young (8192K), 2 survivors (2048K)
 Metaspace       used 25533K, committed 25792K, reserved 1114112K
  class space    used 2967K, committed 3072K, reserved 1048576K
}
Event: 6.097 GC heap after
{Heap after GC invocations=12 (full 0):
 garbage-first heap   total 96256K, used 32227K [0x0000000083200000, 0x0000000100000000)
  region size 1024K, 1 young (1024K), 1 survivors (1024K)
 Metaspace       used 25533K, committed 25792K, reserved 1114112K
  class space    used 2967K, committed 3072K, reserved 1048576K
}
Event: 6.378 GC heap before
{Heap before GC invocations=13 (full 0):
 garbage-first heap   total 96256K, used 57827K [0x0000000083200000, 0x0000000100000000)
  region size 1024K, 26 young (26624K), 1 survivors (1024K)
 Metaspace       used 25890K, committed 26176K, reserved 1114112K
  class space    used 3008K, committed 3136K, reserved 1048576K
}
Event: 6.386 GC heap after
{Heap after GC invocations=14 (full 0):
 garbage-first heap   total 96256K, used 39150K [0x0000000083200000, 0x0000000100000000)
  region size 1024K, 4 young (4096K), 4 survivors (4096K)
 Metaspace       used 25890K, committed 26176K, reserved 1114112K
  class space    used 3008K, committed 3136K, reserved 1048576K
}
Event: 6.552 GC heap before
{Heap before GC invocations=14 (full 0):
 garbage-first heap   total 96256K, used 61678K [0x0000000083200000, 0x0000000100000000)
  region size 1024K, 26 young (26624K), 4 survivors (4096K)
 Metaspace       used 26141K, committed 26432K, reserved 1114112K
  class space    used 3020K, committed 3136K, reserved 1048576K
}
Event: 6.564 GC heap after
{Heap after GC invocations=15 (full 0):
 garbage-first heap   total 96256K, used 43733K [0x0000000083200000, 0x0000000100000000)
  region size 1024K, 4 young (4096K), 4 survivors (4096K)
 Metaspace       used 26141K, committed 26432K, reserved 1114112K
  class space    used 3020K, committed 3136K, reserved 1048576K
}
Event: 6.811 GC heap before
{Heap before GC invocations=15 (full 0):
 garbage-first heap   total 96256K, used 66261K [0x0000000083200000, 0x0000000100000000)
  region size 1024K, 26 young (26624K), 4 survivors (4096K)
 Metaspace       used 26427K, committed 26688K, reserved 1114112K
  class space    used 3035K, committed 3136K, reserved 1048576K
}
Event: 6.828 GC heap after
{Heap after GC invocations=16 (full 0):
 garbage-first heap   total 96256K, used 48483K [0x0000000083200000, 0x0000000100000000)
  region size 1024K, 4 young (4096K), 4 survivors (4096K)
 Metaspace       used 26427K, committed 26688K, reserved 1114112K
  class space    used 3035K, committed 3136K, reserved 1048576K
}
Event: 6.905 GC heap before
{Heap before GC invocations=16 (full 0):
 garbage-first heap   total 96256K, used 68963K [0x0000000083200000, 0x0000000100000000)
  region size 1024K, 24 young (24576K), 4 survivors (4096K)
 Metaspace       used 26472K, committed 26688K, reserved 1114112K
  class space    used 3035K, committed 3136K, reserved 1048576K
}
Event: 6.921 GC heap after
{Heap after GC invocations=17 (full 0):
 garbage-first heap   total 96256K, used 52224K [0x0000000083200000, 0x0000000100000000)
  region size 1024K, 3 young (3072K), 3 survivors (3072K)
 Metaspace       used 26472K, committed 26688K, reserved 1114112K
  class space    used 3035K, committed 3136K, reserved 1048576K
}
Event: 7.038 GC heap before
{Heap before GC invocations=18 (full 0):
 garbage-first heap   total 109568K, used 71680K [0x0000000083200000, 0x0000000100000000)
  region size 1024K, 22 young (22528K), 3 survivors (3072K)
 Metaspace       used 26727K, committed 27008K, reserved 1114112K
  class space    used 3046K, committed 3136K, reserved 1048576K
}
Event: 7.056 GC heap after
{Heap after GC invocations=19 (full 0):
 garbage-first heap   total 109568K, used 56213K [0x0000000083200000, 0x0000000100000000)
  region size 1024K, 3 young (3072K), 3 survivors (3072K)
 Metaspace       used 26727K, committed 27008K, reserved 1114112K
  class space    used 3046K, committed 3136K, reserved 1048576K
}
Event: 8.866 GC heap before
{Heap before GC invocations=19 (full 0):
 garbage-first heap   total 109568K, used 80789K [0x0000000083200000, 0x0000000100000000)
  region size 1024K, 27 young (27648K), 3 survivors (3072K)
 Metaspace       used 28783K, committed 29056K, reserved 1114112K
  class space    used 3281K, committed 3392K, reserved 1048576K
}

