# JRE version: OpenJDK Runtime Environment Temurin-17.0.18+8 (17.0.18+8) (build 17.0.18+8)
# Java VM: OpenJDK 64-Bit Server VM Temurin-17.0.18+8 (17.0.18+8, mixed mode, sharing, tiered, compressed oops, compressed class ptrs, g1 gc, windows-amd64)
GC Precious Log:
 CPUs: 8 total, 8 available
 Memory: 7991M
 Large Page Support: Disabled
 NUMA Support: Disabled
 Compressed Oops: Enabled (32-bit)
 Heap Region Size: 1M
 Heap Min Capacity: 8M
 Heap Initial Capacity: 126M
 Heap Max Capacity: 1998M
 Pre-touch: Disabled
 Parallel Workers: 8
 Concurrent Workers: 2
 Concurrent Refinement Workers: 8
 Periodic GC: Disabled
Heap:
 garbage-first heap   total 233472K, used 154172K [0x0000000083200000, 0x0000000100000000)
  region size 1024K, 15 young (15360K), 1 survivors (1024K)
 Metaspace       used 29092K, committed 29376K, reserved 1114112K
  class space    used 3848K, committed 3968K, reserved 1048576K
GC Heap History (12 events):
Event: 0.571 GC heap before
{Heap before GC invocations=0 (full 0):
 garbage-first heap   total 129024K, used 23552K [0x0000000083200000, 0x0000000100000000)
  region size 1024K, 23 young (23552K), 0 survivors (0K)
 Metaspace       used 4433K, committed 4672K, reserved 1114112K
  class space    used 513K, committed 640K, reserved 1048576K
}
Event: 0.574 GC heap after
{Heap after GC invocations=1 (full 0):
 garbage-first heap   total 129024K, used 5615K [0x0000000083200000, 0x0000000100000000)
  region size 1024K, 3 young (3072K), 3 survivors (3072K)
 Metaspace       used 4433K, committed 4672K, reserved 1114112K
  class space    used 513K, committed 640K, reserved 1048576K
}
Event: 1.192 GC heap before
{Heap before GC invocations=1 (full 0):
 garbage-first heap   total 129024K, used 38383K [0x0000000083200000, 0x0000000100000000)
  region size 1024K, 34 young (34816K), 3 survivors (3072K)
 Metaspace       used 17503K, committed 17728K, reserved 1114112K
  class space    used 2177K, committed 2304K, reserved 1048576K
}
Event: 1.196 GC heap after
{Heap after GC invocations=2 (full 0):
 garbage-first heap   total 129024K, used 11549K [0x0000000083200000, 0x0000000100000000)
  region size 1024K, 5 young (5120K), 5 survivors (5120K)
 Metaspace       used 17503K, committed 17728K, reserved 1114112K
  class space    used 2177K, committed 2304K, reserved 1048576K
}
Event: 1.333 GC heap before
{Heap before GC invocations=2 (full 0):
 garbage-first heap   total 129024K, used 68893K [0x0000000083200000, 0x0000000100000000)
  region size 1024K, 16 young (16384K), 5 survivors (5120K)
 Metaspace       used 19536K, committed 19840K, reserved 1114112K
  class space    used 2549K, committed 2688K, reserved 1048576K
}
Event: 1.338 GC heap after
{Heap after GC invocations=3 (full 0):
 garbage-first heap   total 129024K, used 60657K [0x0000000083200000, 0x0000000100000000)
  region size 1024K, 2 young (2048K), 2 survivors (2048K)
 Metaspace       used 19536K, committed 19840K, reserved 1114112K
  class space    used 2549K, committed 2688K, reserved 1048576K
}
Event: 2.071 GC heap before
{Heap before GC invocations=4 (full 0):
 garbage-first heap   total 143360K, used 100593K [0x0000000083200000, 0x0000000100000000)
  region size 1024K, 19 young (19456K), 2 survivors (2048K)
 Metaspace       used 22771K, committed 23040K, reserved 1114112K
  class space    used 3225K, committed 3392K, reserved 1048576K
}
Event: 2.073 GC heap after
{Heap after GC invocations=5 (full 0):
 garbage-first heap   total 143360K, used 86291K [0x0000000083200000, 0x0000000100000000)
  region size 1024K, 4 young (4096K), 4 survivors (4096K)
 Metaspace       used 22771K, committed 23040K, reserved 1114112K
  class space    used 3225K, committed 3392K, reserved 1048576K
}
Event: 15.842 GC heap before
{Heap before GC invocations=6 (full 0):
 garbage-first heap   total 186368K, used 136467K [0x0000000083200000, 0x0000000100000000)
  region size 1024K, 29 young (29696K), 4 survivors (4096K)
 Metaspace       used 28079K, committed 28352K, reserved 1114112K
  class space    used 3717K, committed 3840K, reserved 1048576K
}
Event: 15.857 GC heap after
{Heap after GC invocations=7 (full 0):
 garbage-first heap   total 186368K, used 92835K [0x0000000083200000, 0x0000000100000000)
  region size 1024K, 4 young (4096K), 4 survivors (4096K)
 Metaspace       used 28079K, committed 28352K, reserved 1114112K
  class space    used 3717K, committed 3840K, reserved 1048576K
}
Event: 16.164 GC heap before
{Heap before GC invocations=7 (full 0):
 garbage-first heap   total 233472K, used 145059K [0x0000000083200000, 0x0000000100000000)
  region size 1024K, 9 young (9216K), 4 survivors (4096K)
 Metaspace       used 28412K, committed 28672K, reserved 1114112K
  class space    used 3774K, committed 3904K, reserved 1048576K
}
Event: 16.168 GC heap after
{Heap after GC invocations=8 (full 0):
 garbage-first heap   total 233472K, used 140860K [0x0000000083200000, 0x0000000100000000)
  region size 1024K, 1 young (1024K), 1 survivors (1024K)
 Metaspace       used 28412K, committed 28672K, reserved 1114112K
  class space    used 3774K, committed 3904K, reserved 1048576K
}

