# JRE version: OpenJDK Runtime Environment Temurin-17.0.18+8 (17.0.18+8) (build 17.0.18+8)
# Java VM: OpenJDK 64-Bit Server VM Temurin-17.0.18+8 (17.0.18+8, mixed mode, sharing, tiered, compressed oops, compressed class ptrs, g1 gc, windows-amd64)
GC Precious Log:
 CPUs: 8 total, 8 available
 Memory: 7991M
 Large Page Support: Disabled
 NUMA Support: Disabled
 Compressed Oops: Enabled (32-bit)
 Heap Region Size: 1M
 Heap Min Capacity: 8M
 Heap Initial Capacity: 126M
 Heap Max Capacity: 1998M
 Pre-touch: Disabled
 Parallel Workers: 8
 Concurrent Workers: 2
 Concurrent Refinement Workers: 8
 Periodic GC: Disabled
Heap:
 garbage-first heap   total 132096K, used 55500K [0x0000000083200000, 0x0000000100000000)
  region size 1024K, 2 young (2048K), 2 survivors (2048K)
 Metaspace       used 26460K, committed 26688K, reserved 1114112K
  class space    used 3036K, committed 3136K, reserved 1048576K
GC Heap History (20 events):
Event: 2.578 GC heap after
{Heap after GC invocations=4 (full 0):
 garbage-first heap   total 129024K, used 12169K [0x0000000083200000, 0x0000000100000000)
  region size 1024K, 7 young (7168K), 7 survivors (7168K)
 Metaspace       used 21254K, committed 21504K, reserved 1114112K
  class space    used 2545K, committed 2624K, reserved 1048576K
}
Event: 2.865 GC heap before
{Heap before GC invocations=5 (full 0):
 garbage-first heap   total 45056K, used 32649K [0x0000000083200000, 0x0000000100000000)
  region size 1024K, 27 young (27648K), 7 survivors (7168K)
 Metaspace       used 24721K, committed 25024K, reserved 1114112K
  class space    used 2893K, committed 3072K, reserved 1048576K
}
Event: 2.880 GC heap after
{Heap after GC invocations=6 (full 0):
 garbage-first heap   total 50176K, used 20530K [0x0000000083200000, 0x0000000100000000)
  region size 1024K, 10 young (10240K), 10 survivors (10240K)
 Metaspace       used 24721K, committed 25024K, reserved 1114112K
  class space    used 2893K, committed 3072K, reserved 1048576K
}
Event: 2.973 GC heap before
{Heap before GC invocations=6 (full 0):
 garbage-first heap   total 50176K, used 32818K [0x0000000083200000, 0x0000000100000000)
  region size 1024K, 23 young (23552K), 10 survivors (10240K)
 Metaspace       used 24752K, committed 25088K, reserved 1114112K
  class space    used 2894K, committed 3072K, reserved 1048576K
}
Event: 2.984 GC heap after
{Heap after GC invocations=7 (full 0):
 garbage-first heap   total 50176K, used 23461K [0x0000000083200000, 0x0000000100000000)
  region size 1024K, 3 young (3072K), 3 survivors (3072K)
 Metaspace       used 24752K, committed 25088K, reserved 1114112K
  class space    used 2894K, committed 3072K, reserved 1048576K
}
Event: 3.117 GC heap before
{Heap before GC invocations=7 (full 0):
 garbage-first heap   total 50176K, used 36773K [0x0000000083200000, 0x0000000100000000)
  region size 1024K, 16 young (16384K), 3 survivors (3072K)
 Metaspace       used 24899K, committed 25216K, reserved 1114112K
  class space    used 2910K, committed 3072K, reserved 1048576K
}
Event: 3.125 GC heap after
{Heap after GC invocations=8 (full 0):
 garbage-first heap   total 50176K, used 27045K [0x0000000083200000, 0x0000000100000000)
  region size 1024K, 2 young (2048K), 2 survivors (2048K)
 Metaspace       used 24899K, committed 25216K, reserved 1114112K
  class space    used 2910K, committed 3072K, reserved 1048576K
}
Event: 3.250 GC heap before
{Heap before GC invocations=8 (full 0):
 garbage-first heap   total 50176K, used 37285K [0x0000000083200000, 0x0000000100000000)
  region size 1024K, 13 young (13312K), 2 survivors (2048K)
 Metaspace       used 25458K, committed 25664K, reserved 1114112K
  class space    used 2968K, committed 3072K, reserved 1048576K
}
Event: 3.259 GC heap after
{Heap after GC invocations=9 (full 0):
 garbage-first heap   total 80896K, used 31653K [0x0000000083200000, 0x0000000100000000)
  region size 1024K, 2 young (2048K), 2 survivors (2048K)
 Metaspace       used 25458K, committed 25664K, reserved 1114112K
  class space    used 2968K, committed 3072K, reserved 1048576K
}
Event: 3.491 GC heap before
{Heap before GC invocations=10 (full 0):
 garbage-first heap   total 80896K, used 56229K [0x0000000083200000, 0x0000000100000000)
  region size 1024K, 25 young (25600K), 2 survivors (2048K)
 Metaspace       used 25625K, committed 25920K, reserved 1114112K
  class space    used 2985K, committed 3136K, reserved 1048576K
}
Event: 3.497 GC heap after
{Heap after GC invocations=11 (full 0):
 garbage-first heap   total 80896K, used 38167K [0x0000000083200000, 0x0000000100000000)
  region size 1024K, 4 young (4096K), 4 survivors (4096K)
 Metaspace       used 25625K, committed 25920K, reserved 1114112K
  class space    used 2985K, committed 3136K, reserved 1048576K
}
Event: 3.595 GC heap before
{Heap before GC invocations=11 (full 0):
 garbage-first heap   total 80896K, used 56599K [0x0000000083200000, 0x0000000100000000)
  region size 1024K, 22 young (22528K), 4 survivors (4096K)
 Metaspace       used 25941K, committed 26176K, reserved 1114112K
  class space    used 3014K, committed 3136K, reserved 1048576K
}
Event: 3.602 GC heap after
{Heap after GC invocations=12 (full 0):
 garbage-first heap   total 80896K, used 42606K [0x0000000083200000, 0x0000000100000000)
  region size 1024K, 3 young (3072K), 3 survivors (3072K)
 Metaspace       used 25941K, committed 26176K, reserved 1114112K
  class space    used 3014K, committed 3136K, reserved 1048576K
}
Event: 3.726 GC heap before
{Heap before GC invocations=12 (full 0):
 garbage-first heap   total 80896K, used 60014K [0x0000000083200000, 0x0000000100000000)
  region size 1024K, 20 young (20480K), 3 survivors (3072K)
 Metaspace       used 26282K, committed 26560K, reserved 1114112K
  class space    used 3028K, committed 3136K, reserved 1048576K
}
Event: 3.735 GC heap after
{Heap after GC invocations=13 (full 0):
 garbage-first heap   total 80896K, used 46757K [0x0000000083200000, 0x0000000100000000)
  region size 1024K, 3 young (3072K), 3 survivors (3072K)
 Metaspace       used 26282K, committed 26560K, reserved 1114112K
  class space    used 3028K, committed 3136K, reserved 1048576K
}
Event: 3.862 GC heap before
{Heap before GC invocations=14 (full 0):
 garbage-first heap   total 83968K, used 62117K [0x0000000083200000, 0x0000000100000000)
  region size 1024K, 18 young (18432K), 3 survivors (3072K)
 Metaspace       used 26430K, committed 26624K, reserved 1114112K
  class space    used 3036K, committed 3136K, reserved 1048576K
}
Event: 3.872 GC heap after
{Heap after GC invocations=15 (full 0):
 garbage-first heap   total 83968K, used 50085K [0x0000000083200000, 0x0000000100000000)
  region size 1024K, 3 young (3072K), 3 survivors (3072K)
 Metaspace       used 26430K, committed 26624K, reserved 1114112K
  class space    used 3036K, committed 3136K, reserved 1048576K
}
Event: 3.926 GC heap before
{Heap before GC invocations=15 (full 0):
 garbage-first heap   total 83968K, used 65445K [0x0000000083200000, 0x0000000100000000)
  region size 1024K, 18 young (18432K), 3 survivors (3072K)
 Metaspace       used 26460K, committed 26688K, reserved 1114112K
  class space    used 3036K, committed 3136K, reserved 1048576K
}
Event: 3.934 GC heap after
{Heap after GC invocations=16 (full 0):
 garbage-first heap   total 83968K, used 53104K [0x0000000083200000, 0x0000000100000000)
  region size 1024K, 3 young (3072K), 3 survivors (3072K)
 Metaspace       used 26460K, committed 26688K, reserved 1114112K
  class space    used 3036K, committed 3136K, reserved 1048576K
}
Event: 3.952 GC heap before
{Heap before GC invocations=16 (full 0):
 garbage-first heap   total 83968K, used 66416K [0x0000000083200000, 0x0000000100000000)
  region size 1024K, 16 young (16384K), 3 survivors (3072K)
 Metaspace       used 26460K, committed 26688K, reserved 1114112K
  class space    used 3036K, committed 3136K, reserved 1048576K
}

